
[TimeStamp]
	Thursday 26th of March 2015 06:06:59 PM
[Description]
	El controlador <b>asdasd</b> no se pudo cargar.
[Exception]
	El fichero <b>app/cpanel/controllers/asdasd.php</b> no existe
[Trace]
	[{"file":"\/var\/www\/html\/bitphp\/core\/load.php","line":90,"function":"trace","class":"BitPHP\\Error","type":"::","args":["El controlador <b>asdasd<\/b> no se pudo cargar.","El fichero <b>app\/cpanel\/controllers\/asdasd.php<\/b> no existe",false]},{"file":"\/var\/www\/html\/bitphp\/index.php","line":37,"function":"controller","class":"BitPHP\\Load","type":"::","args":["asdasd"]}]

[TimeStamp]
	Thursday 26th of March 2015 06:08:33 PM
[Description]
	Oops! hubo un problema al ejecutar la aplicacion.
[Exception]
	La aplicacion <b>/app/caca/</b> no existe.
[Trace]
	[{"file":"\/var\/www\/html\/bitphp\/core\/route.php","line":11,"function":"trace","class":"BitPHP\\Error","type":"::","args":["Oops! hubo un problema al ejecutar la aplicacion.","La aplicacion <b>\/app\/caca\/<\/b> no existe.",false]},{"file":"\/var\/www\/html\/bitphp\/core\/route.php","line":54,"function":"validate_app","class":"BitPHP\\Route","type":"::","args":["app\/caca"]},{"file":"\/var\/www\/html\/bitphp\/index.php","line":33,"function":"app_path","class":"BitPHP\\Route","type":"::","args":[["caca"]]}]

[TimeStamp]
	Friday 27th of March 2015 06:21:18 PM
[Description]
	El controlador <b>asdasd</b> no se pudo cargar.
[Exception]
	El fichero <b>app/cpanel/controllers/asdasd.php</b> no existe
[Trace]
	[{"file":"\/var\/www\/html\/bitphp\/core\/load.php","line":90,"function":"trace","class":"BitPHP\\Error","type":"::","args":["El controlador <b>asdasd<\/b> no se pudo cargar.","El fichero <b>app\/cpanel\/controllers\/asdasd.php<\/b> no existe",false]},{"file":"\/var\/www\/html\/bitphp\/index.php","line":37,"function":"controller","class":"BitPHP\\Load","type":"::","args":["asdasd"]}]

[TimeStamp]
	Saturday 28th of March 2015 04:12:28 PM
[Description]
	El controlador <b>hola_mundo</b> no se pudo cargar.
[Exception]
	El fichero <b>app/controllers/hola_mundo.php</b> no existe
[Trace]
	[{"file":"\/var\/www\/html\/bitphp\/core\/load.php","line":90,"function":"trace","class":"BitPHP\\Error","type":"::","args":["El controlador <b>hola_mundo<\/b> no se pudo cargar.","El fichero <b>app\/controllers\/hola_mundo.php<\/b> no existe",false]},{"file":"\/var\/www\/html\/bitphp\/index.php","line":37,"function":"controller","class":"BitPHP\\Load","type":"::","args":["hola_mundo"]}]

[TimeStamp]
	Saturday 28th of March 2015 04:18:25 PM
[Description]
	Error en controlador <b>decir</b>
[Exception]
	No contiene el metodo <b>main()</b>
[Trace]
	[{"file":"\/var\/www\/html\/bitphp\/index.php","line":44,"function":"trace","class":"BitPHP\\Error","type":"::","args":["Error en controlador <b>decir<\/b>","No contiene el metodo <b>main()<\/b>",false]}]

[TimeStamp]
	Saturday 28th of March 2015 04:19:18 PM
[Description]
	Error en controlador <b>decir</b>
[Exception]
	No contiene el metodo <b>index()</b>
[Trace]
	[{"file":"\/var\/www\/html\/bitphp\/index.php","line":44,"function":"trace","class":"BitPHP\\Error","type":"::","args":["Error en controlador <b>decir<\/b>","No contiene el metodo <b>index()<\/b>",false]}]

[TimeStamp]
	Saturday 28th of March 2015 04:19:47 PM
[Description]
	Error en controlador <b>decir</b>
[Exception]
	No contiene el metodo <b>principal()</b>
[Trace]
	[{"file":"\/var\/www\/html\/bitphp\/index.php","line":44,"function":"trace","class":"BitPHP\\Error","type":"::","args":["Error en controlador <b>decir<\/b>","No contiene el metodo <b>principal()<\/b>",false]}]

[TimeStamp]
	Saturday 28th of March 2015 04:24:18 PM
[Description]
	Error en controlador <b>decir</b>
[Exception]
	No contiene el metodo <b>eduardo()</b>
[Trace]
	[{"file":"\/var\/www\/html\/bitphp\/index.php","line":44,"function":"trace","class":"BitPHP\\Error","type":"::","args":["Error en controlador <b>decir<\/b>","No contiene el metodo <b>eduardo()<\/b>",false]}]

[TimeStamp]
	Saturday 28th of March 2015 04:24:38 PM
[Description]
	Error en controlador <b>decir</b>
[Exception]
	No contiene el metodo <b>main()</b>
[Trace]
	[{"file":"\/var\/www\/html\/bitphp\/index.php","line":44,"function":"trace","class":"BitPHP\\Error","type":"::","args":["Error en controlador <b>decir<\/b>","No contiene el metodo <b>main()<\/b>",false]}]

[TimeStamp]
	Saturday 28th of March 2015 04:28:16 PM
[Description]
	El controlador <b>decir</b> no se pudo cargar.
[Exception]
	El fichero <b>app/controllers/decir.php</b> no existe
[Trace]
	[{"file":"\/var\/www\/html\/bitphp\/core\/load.php","line":90,"function":"trace","class":"BitPHP\\Error","type":"::","args":["El controlador <b>decir<\/b> no se pudo cargar.","El fichero <b>app\/controllers\/decir.php<\/b> no existe",false]},{"file":"\/var\/www\/html\/bitphp\/index.php","line":37,"function":"controller","class":"BitPHP\\Load","type":"::","args":["decir"]}]

[TimeStamp]
	Saturday 28th of March 2015 04:42:54 PM
[Description]
	Error en controlador <b>hola</b>
[Exception]
	No contiene el metodo <b>main()</b>
[Trace]
	[{"file":"\/var\/www\/html\/bitphp\/index.php","line":44,"function":"trace","class":"BitPHP\\Error","type":"::","args":["Error en controlador <b>hola<\/b>","No contiene el metodo <b>main()<\/b>",false]}]

[TimeStamp]
	Saturday 28th of March 2015 04:43:53 PM
[Description]
	Error en controlador <b>hola</b>
[Exception]
	No contiene el metodo <b>index()</b>
[Trace]
	[{"file":"\/var\/www\/html\/bitphp\/index.php","line":44,"function":"trace","class":"BitPHP\\Error","type":"::","args":["Error en controlador <b>hola<\/b>","No contiene el metodo <b>index()<\/b>",false]}]

[TimeStamp]
	Saturday 28th of March 2015 04:44:12 PM
[Description]
	Error en controlador <b>hola</b>
[Exception]
	No contiene el metodo <b>principal()</b>
[Trace]
	[{"file":"\/var\/www\/html\/bitphp\/index.php","line":44,"function":"trace","class":"BitPHP\\Error","type":"::","args":["Error en controlador <b>hola<\/b>","No contiene el metodo <b>principal()<\/b>",false]}]

[TimeStamp]
	Saturday 28th of March 2015 04:44:42 PM
[Description]
	El controlador <b>home</b> no se pudo cargar.
[Exception]
	El fichero <b>app/controllers/home.php</b> no existe
[Trace]
	[{"file":"\/var\/www\/html\/bitphp\/core\/load.php","line":90,"function":"trace","class":"BitPHP\\Error","type":"::","args":["El controlador <b>home<\/b> no se pudo cargar.","El fichero <b>app\/controllers\/home.php<\/b> no existe",false]},{"file":"\/var\/www\/html\/bitphp\/index.php","line":37,"function":"controller","class":"BitPHP\\Load","type":"::","args":["home"]}]

[TimeStamp]
	Saturday 28th of March 2015 04:46:03 PM
[Description]
	Error en controlador <b>hola</b>
[Exception]
	No contiene el metodo <b>visita()</b>
[Trace]
	[{"file":"\/var\/www\/html\/bitphp\/index.php","line":44,"function":"trace","class":"BitPHP\\Error","type":"::","args":["Error en controlador <b>hola<\/b>","No contiene el metodo <b>visita()<\/b>",false]}]

[TimeStamp]
	Sunday 29th of March 2015 10:17:34 AM
[Description]
	Error en controlador <b>otro</b>
[Exception]
	No contiene el metodo <b>main()</b>
[Trace]
	[{"file":"\/var\/www\/html\/bitphp\/index.php","line":44,"function":"trace","class":"BitPHP\\Error","type":"::","args":["Error en controlador <b>otro<\/b>","No contiene el metodo <b>main()<\/b>",false]}]

[TimeStamp]
	Sunday 29th of March 2015 10:18:45 AM
[Description]
	Error en controlador <b>otro</b>
[Exception]
	No contiene el metodo <b>index()</b>
[Trace]
	[{"file":"\/var\/www\/html\/bitphp\/index.php","line":44,"function":"trace","class":"BitPHP\\Error","type":"::","args":["Error en controlador <b>otro<\/b>","No contiene el metodo <b>index()<\/b>",false]}]

[TimeStamp]
	Sunday 29th of March 2015 10:19:23 AM
[Description]
	Error en controlador <b>otro</b>
[Exception]
	No contiene el metodo <b>_principal()</b>
[Trace]
	[{"file":"\/var\/www\/html\/bitphp\/index.php","line":44,"function":"trace","class":"BitPHP\\Error","type":"::","args":["Error en controlador <b>otro<\/b>","No contiene el metodo <b>_principal()<\/b>",false]}]

[TimeStamp]
	Sunday 29th of March 2015 10:19:35 AM
[Description]
	Error en controlador <b>hola</b>
[Exception]
	No contiene el metodo <b>_principal()</b>
[Trace]
	[{"file":"\/var\/www\/html\/bitphp\/index.php","line":44,"function":"trace","class":"BitPHP\\Error","type":"::","args":["Error en controlador <b>hola<\/b>","No contiene el metodo <b>_principal()<\/b>",false]}]

[TimeStamp]
	Sunday 29th of March 2015 10:19:59 AM
[Description]
	El controlador <b>home</b> no se pudo cargar.
[Exception]
	El fichero <b>app/controllers/home.php</b> no existe
[Trace]
	[{"file":"\/var\/www\/html\/bitphp\/core\/load.php","line":90,"function":"trace","class":"BitPHP\\Error","type":"::","args":["El controlador <b>home<\/b> no se pudo cargar.","El fichero <b>app\/controllers\/home.php<\/b> no existe",false]},{"file":"\/var\/www\/html\/bitphp\/index.php","line":37,"function":"controller","class":"BitPHP\\Load","type":"::","args":["home"]}]

[TimeStamp]
	Sunday 29th of March 2015 10:21:17 AM
[Description]
	Error en controlador <b>hola</b>
[Exception]
	No contiene el metodo <b>main()</b>
[Trace]
	[{"file":"\/var\/www\/html\/bitphp\/index.php","line":44,"function":"trace","class":"BitPHP\\Error","type":"::","args":["Error en controlador <b>hola<\/b>","No contiene el metodo <b>main()<\/b>",false]}]

[TimeStamp]
	Friday 3rd of April 2015 01:49:32 PM
[Description]
	El controlador <b>vistas</b> no se pudo cargar.
[Exception]
	La clase <b>vistas</b> no existe dentro del fichero <b>app/controllers/vistas.php</b>.
[Trace]
	[{"file":"\/var\/www\/html\/bitphp\/core\/load.php","line":90,"function":"trace","class":"BitPHP\\Error","type":"::","args":["El controlador <b>vistas<\/b> no se pudo cargar.","La clase <b>vistas<\/b> no existe dentro del fichero <b>app\/controllers\/vistas.php<\/b>.",false]},{"file":"\/var\/www\/html\/bitphp\/index.php","line":37,"function":"controller","class":"BitPHP\\Load","type":"::","args":["vistas"]}]

[TimeStamp]
	Friday 3rd of April 2015 02:00:58 PM
[Description]
	El controlador <b>public</b> no se pudo cargar.
[Exception]
	El fichero <b>app/controllers/public.php</b> no existe
[Trace]
	[{"file":"\/var\/www\/html\/bitphp\/core\/load.php","line":90,"function":"trace","class":"BitPHP\\Error","type":"::","args":["El controlador <b>public<\/b> no se pudo cargar.","El fichero <b>app\/controllers\/public.php<\/b> no existe",false]},{"file":"\/var\/www\/html\/bitphp\/index.php","line":37,"function":"controller","class":"BitPHP\\Load","type":"::","args":["public"]}]

[TimeStamp]
	Friday 3rd of April 2015 05:51:17 PM
[Description]
	El controlador <b>crud_testing</b> no se pudo cargar.
[Exception]
	SQLSTATE[42000] [1049] Unknown database 'b'
[Trace]
	[{"file":"\/var\/www\/html\/bitphp\/core\/load.php","line":90,"function":"trace","class":"BitPHP\\Error","type":"::","args":["El controlador <b>crud_testing<\/b> no se pudo cargar.","SQLSTATE[42000] [1049] Unknown database 'b'",false]},{"file":"\/var\/www\/html\/bitphp\/index.php","line":37,"function":"controller","class":"BitPHP\\Load","type":"::","args":["crud_testing"]}]

[TimeStamp]
	Friday 3rd of April 2015 06:21:23 PM
[Description]
	El controlador <b>crud_testing</b> no se pudo cargar.
[Exception]
	SQLSTATE[42000] [1049] Unknown database 'bitphp_testin'
[Trace]
	[{"file":"\/var\/www\/html\/bitphp\/core\/load.php","line":90,"function":"trace","class":"BitPHP\\Error","type":"::","args":["El controlador <b>crud_testing<\/b> no se pudo cargar.","SQLSTATE[42000] [1049] Unknown database 'bitphp_testin'",false]},{"file":"\/var\/www\/html\/bitphp\/index.php","line":37,"function":"controller","class":"BitPHP\\Load","type":"::","args":["crud_testing"]}]

[TimeStamp]
	Friday 3rd of April 2015 06:21:29 PM
[Description]
	No se pudo cargar el nombre de base de datos del alias <b>TESTIN</b>
[Exception]
	No se a definido el alias
[Trace]
	[{"file":"\/var\/www\/html\/bitphp\/core\/config.php","line":73,"function":"trace","class":"BitPHP\\Error","type":"::","args":["No se pudo cargar el nombre de base de datos del alias <b>TESTIN<\/b>","No se a definido el alias"]},{"file":"\/var\/www\/html\/bitphp\/core\/database.php","line":31,"function":"db_name","class":"BitPHP\\Config","type":"::","args":["TESTIN"]},{"file":"\/var\/www\/html\/bitphp\/app\/controllers\/crud_testing.php","line":9,"function":"driver","class":"BitPHP\\DataBase","type":"::","args":["alias:TESTIN"]},{"file":"\/var\/www\/html\/bitphp\/core\/load.php","line":85,"function":"__construct","class":"Crud_Testing","type":"->","args":[]},{"file":"\/var\/www\/html\/bitphp\/index.php","line":37,"function":"controller","class":"BitPHP\\Load","type":"::","args":["crud_testing"]}]

[TimeStamp]
	Friday 3rd of April 2015 07:10:12 PM
[Description]
	Error al ejecutar sentencia SELECT
[Exception]
	BladeCRUD::select no puede ser usada antes de inicializar la tabla (BladeCRUD::table)
[Trace]
	[{"file":"\/var\/www\/html\/bitphp\/core\/modules\/BladeCRUD.php","line":28,"function":"trace","class":"BitPHP\\Error","type":"::","args":["Error al ejecutar sentencia SELECT","BladeCRUD::select no puede ser usada antes de inicializar la tabla (BladeCRUD::table)"]},{"file":"\/var\/www\/html\/bitphp\/app\/controllers\/crud_testing.php","line":16,"function":"select","class":"BladeCRUD","type":"->","args":["*"]},{"file":"\/var\/www\/html\/bitphp\/index.php","line":40,"function":"main","class":"Crud_Testing","type":"->","args":[]}]

[TimeStamp]
	Friday 3rd of April 2015 08:04:58 PM
[Description]
	Error al ejecutar sentencia ORDER BY
[Exception]
	No se a inicializado ninguna consulta SELECT
[Trace]
	[{"file":"\/var\/www\/html\/bitphp\/core\/modules\/BladeCRUD.php","line":79,"function":"trace","class":"BitPHP\\Error","type":"::","args":["Error al ejecutar sentencia ORDER BY","No se a inicializado ninguna consulta SELECT"]},{"file":"\/var\/www\/html\/bitphp\/app\/controllers\/crud_testing.php","line":19,"function":"order","class":"BladeCRUD","type":"->","args":["id","up"]},{"file":"\/var\/www\/html\/bitphp\/index.php","line":40,"function":"main","class":"Crud_Testing","type":"->","args":[]}]

[TimeStamp]
	Friday 3rd of April 2015 08:34:00 PM
[Description]
	El controlador <b>crud_testing</b> no se pudo cargar.
[Exception]
	SQLSTATE[42000] [1049] Unknown database 'bitphp_test'
[Trace]
	[{"file":"\/var\/www\/html\/bitphp\/core\/load.php","line":90,"function":"trace","class":"BitPHP\\Error","type":"::","args":["El controlador <b>crud_testing<\/b> no se pudo cargar.","SQLSTATE[42000] [1049] Unknown database 'bitphp_test'",false]},{"file":"\/var\/www\/html\/bitphp\/index.php","line":37,"function":"controller","class":"BitPHP\\Load","type":"::","args":["crud_testing"]}]

[TimeStamp]
	Friday 3rd of April 2015 08:38:18 PM
[Description]
	El modulo <b>BladeCRUD</b> no se pudo cargar
[Exception]
	La clase <b>BladeCRUD</b> no existe dentro del fichero <b>core/modules/BladeCRUD.php</b>.
[Trace]
	[{"file":"\/var\/www\/html\/bitphp\/core\/load.php","line":70,"function":"trace","class":"BitPHP\\Error","type":"::","args":["El modulo <b>BladeCRUD<\/b> no se pudo cargar","La clase <b>BladeCRUD<\/b> no existe dentro del fichero <b>core\/modules\/BladeCRUD.php<\/b>."]},{"file":"\/var\/www\/html\/bitphp\/app\/controllers\/crud_testing.php","line":6,"function":"module","class":"BitPHP\\Load","type":"::","args":["BladeCRUD"]},{"file":"\/var\/www\/html\/bitphp\/core\/load.php","line":35,"args":["\/var\/www\/html\/bitphp\/app\/controllers\/crud_testing.php"],"function":"require_once"},{"file":"\/var\/www\/html\/bitphp\/core\/load.php","line":84,"function":"include_file","class":"BitPHP\\Load","type":"::","args":["app\/controllers\/crud_testing.php","crud_testing"]},{"file":"\/var\/www\/html\/bitphp\/index.php","line":37,"function":"controller","class":"BitPHP\\Load","type":"::","args":["crud_testing"]}]

[TimeStamp]
	Friday 3rd of April 2015 08:46:30 PM
[Description]
	Error en controlador <b>crud_testing</b>
[Exception]
	No contiene el metodo <b>main()</b>
[Trace]
	[{"file":"\/var\/www\/html\/bitphp\/index.php","line":44,"function":"trace","class":"BitPHP\\Error","type":"::","args":["Error en controlador <b>crud_testing<\/b>","No contiene el metodo <b>main()<\/b>",false]}]

[TimeStamp]
	Friday 3rd of April 2015 08:49:30 PM
[Description]
	Error en controlador <b>crud_testing</b>
[Exception]
	No contiene el metodo <b>input()</b>
[Trace]
	[{"file":"\/var\/www\/html\/bitphp\/index.php","line":44,"function":"trace","class":"BitPHP\\Error","type":"::","args":["Error en controlador <b>crud_testing<\/b>","No contiene el metodo <b>input()<\/b>",false]}]

[TimeStamp]
	Friday 3rd of April 2015 08:49:39 PM
[Description]
	La vista <b>testing/crud/insert</b> no se pudo cargar.
[Exception]
	El fichero <b>app/views/testing/crud/insert.php</b> no existe.
[Trace]
	[{"file":"\/var\/www\/html\/bitphp\/core\/load.php","line":142,"function":"trace","class":"BitPHP\\Error","type":"::","args":["La vista <b>testing\/crud\/insert<\/b> no se pudo cargar.","El fichero <b>app\/views\/testing\/crud\/insert.php<\/b> no existe."]},{"file":"\/var\/www\/html\/bitphp\/app\/controllers\/crud_testing.php","line":28,"function":"view","class":"BitPHP\\Load","type":"::","args":["testing\/crud\/insert"]},{"file":"\/var\/www\/html\/bitphp\/index.php","line":40,"function":"insert","class":"Crud_Testing","type":"->","args":[]}]

[TimeStamp]
	Friday 3rd of April 2015 09:29:31 PM
[Description]
	Error al contar los resultados de la consulta
[Exception]
	Ninguna sentencia SELECT ha sido ejecutada (BladeCRUD::result())
[Trace]
	[{"file":"\/var\/www\/html\/bitphp\/core\/modules\/BladeCRUD.php","line":128,"function":"trace","class":"BitPHP\\Error","type":"::","args":["Error al contar los resultados de la consulta","Ninguna sentencia SELECT ha sido ejecutada (BladeCRUD::result())"]},{"file":"\/var\/www\/html\/bitphp\/app\/controllers\/crud_testing.php","line":22,"function":"count","class":"BladeCRUD","type":"->","args":[]},{"file":"\/var\/www\/html\/bitphp\/index.php","line":40,"function":"select","class":"Crud_Testing","type":"->","args":[]}]

[TimeStamp]
	Friday 3rd of April 2015 09:32:19 PM
[Description]
	Error al ejecutar sentencia INSERT
[Exception]
	BladeCRUD::insert no puede ser usada antes de inicializar la tabla (BladeCRUD::table)
[Trace]
	[{"file":"\/var\/www\/html\/bitphp\/core\/modules\/BladeCRUD.php","line":94,"function":"trace","class":"BitPHP\\Error","type":"::","args":["Error al ejecutar sentencia INSERT","BladeCRUD::insert no puede ser usada antes de inicializar la tabla (BladeCRUD::table)"]},{"file":"\/var\/www\/html\/bitphp\/app\/controllers\/crud_testing.php","line":42,"function":"insert","class":"BladeCRUD","type":"->","args":[{"user":"hola","message":"vaca"}]},{"file":"\/var\/www\/html\/bitphp\/index.php","line":40,"function":"insert","class":"Crud_Testing","type":"->","args":[]}]
